cl : 命令行 warning D9035: “Gm”选项已否决，并将在将来的版本中移除
  stdafx.cpp
cl : 命令行 warning D9035: “Gm”选项已否决，并将在将来的版本中移除
  dllmain.cpp
cl : 命令行 warning D9035: “Gm”选项已否决，并将在将来的版本中移除
  simple_http_client.cpp
  HttpUtillib.cpp
  WinUtil.cpp
  SignUtil.cpp
  HttpUtil.cpp
  Demo.cpp
  algorithm_hmac.cpp
  正在生成代码...
cl : 命令行 warning D9035: “Gm”选项已否决，并将在将来的版本中移除
  applink.c
d:\solution\ghndpms\hikhttputil\src\vs2015\openssl\applink.c(106): warning C4996: 'fopen': This function or variable may be unsafe. Consider using fopen_s instead. To disable deprecation, use _CRT_SECURE_NO_WARNINGS. See online help for details.
  c:\program files (x86)\windows kits\10\include\10.0.17763.0\ucrt\stdio.h(208): note: 参见“fopen”的声明
d:\solution\ghndpms\hikhttputil\src\vs2015\openssl\applink.c(114): warning C4996: '_open': This function or variable may be unsafe. Consider using _sopen_s instead. To disable deprecation, use _CRT_SECURE_NO_WARNINGS. See online help for details.
  c:\program files (x86)\windows kits\10\include\10.0.17763.0\ucrt\corecrt_io.h(419): note: 参见“_open”的声明
dllmain.obj : warning LNK4075: 忽略“/EDITANDCONTINUE”(由于“/SAFESEH”规范)
    正在创建库 ..\..\..\debug\HttpUtillib.lib 和对象 ..\..\..\debug\HttpUtillib.exp
  HttpUtillib.vcxproj -> D:\Solution\GHNDPMS\HikHttpUtil\src\VS2015\..\..\..\debug\HttpUtillib.dll
