d:\solution\ghndpms\ghndpms\debug\httpcallbackcontroller.obj
d:\solution\ghndpms\ghndpms\debug\logmessage.obj
d:\solution\ghndpms\ghndpms\debug\getdepartcontroller.obj
d:\solution\ghndpms\ghndpms\debug\httpcookie.obj
d:\solution\ghndpms\ghndpms\debug\templateloader.obj
d:\solution\ghndpms\ghndpms\debug\httprequesthandler.obj
d:\solution\ghndpms\ghndpms\debug\setcontroller.obj
d:\solution\ghndpms\ghndpms\debug\httpsession.obj
d:\solution\ghndpms\ghndpms\debug\realtimedepartdetaildata.obj
d:\solution\ghndpms\ghndpms\debug\httprequest.obj
d:\solution\ghndpms\ghndpms\debug\realtimeprsnumbercontroller.obj
d:\solution\ghndpms\ghndpms\debug\httpresponse.obj
d:\solution\ghndpms\ghndpms\debug\main.obj
d:\solution\ghndpms\ghndpms\debug\dualfilelogger.obj
d:\solution\ghndpms\ghndpms\debug\historydepartdata.obj
d:\solution\ghndpms\ghndpms\debug\httpglobal.obj
d:\solution\ghndpms\ghndpms\debug\httpsessionstore.obj
d:\solution\ghndpms\ghndpms\debug\timercontracller.obj
d:\solution\ghndpms\ghndpms\debug\template.obj
d:\solution\ghndpms\ghndpms\debug\hikdatarequest.obj
d:\solution\ghndpms\ghndpms\debug\realtimedepartdata.obj
d:\solution\ghndpms\ghndpms\debug\httplistener.obj
d:\solution\ghndpms\ghndpms\debug\commtools.obj
d:\solution\ghndpms\ghndpms\debug\httpconnectionhandlerpool.obj
d:\solution\ghndpms\ghndpms\debug\systemconfig.obj
d:\solution\ghndpms\ghndpms\debug\filelogger.obj
d:\solution\ghndpms\ghndpms\debug\historydepartdetaildata.obj
d:\solution\ghndpms\ghndpms\debug\logger.obj
d:\solution\ghndpms\ghndpms\debug\requestmapper.obj
d:\solution\ghndpms\ghndpms\debug\templatecache.obj
d:\solution\ghndpms\ghndpms\debug\httpconnectionhandler.obj
d:\solution\ghndpms\ghndpms\debug\staticfilecontroller.obj
d:\solution\ghndpms\ghndpms\debug\moc\include\controller\moc_setcontroller.cpp
d:\solution\ghndpms\ghndpms\debug\moc\include\controller\moc_requestmapper.cpp
d:\solution\ghndpms\ghndpms\debug\moc\include\controller\moc_realtimeprsnumbercontroller.cpp
d:\solution\ghndpms\ghndpms\debug\moc\include\controller\moc_realtimedepartdetaildata.cpp
d:\solution\ghndpms\ghndpms\debug\moc\include\controller\moc_realtimedepartdata.cpp
d:\solution\ghndpms\ghndpms\debug\moc\include\controller\moc_httpcallbackcontroller.cpp
d:\solution\ghndpms\ghndpms\debug\moc\include\controller\moc_historydepartdetaildata.cpp
d:\solution\ghndpms\ghndpms\debug\moc\include\controller\moc_historydepartdata.cpp
d:\solution\ghndpms\ghndpms\debug\moc\include\controller\moc_getdepartcontroller.cpp
d:\solution\ghndpms\ghndpms\debug\moc\include\httpserver\moc_httpconnectionhandler.cpp
d:\solution\ghndpms\ghndpms\debug\moc\include\httpserver\moc_httpconnectionhandlerpool.cpp
d:\solution\ghndpms\ghndpms\debug\moc\include\templateengine\moc_templateloader.cpp
d:\solution\ghndpms\ghndpms\debug\moc\include\templateengine\moc_templatecache.cpp
d:\solution\ghndpms\ghndpms\debug\moc\include\logging\moc_logger.cpp
d:\solution\ghndpms\ghndpms\debug\moc\include\logging\moc_filelogger.cpp
d:\solution\ghndpms\ghndpms\debug\moc\include\logging\moc_dualfilelogger.cpp
d:\solution\ghndpms\ghndpms\debug\moc\include\datadeal\moc_timercontracller.cpp
d:\solution\ghndpms\ghndpms\debug\moc\include\datadeal\moc_hikdatarequest.cpp
d:\solution\ghndpms\ghndpms\debug\moc\include\httpserver\moc_staticfilecontroller.cpp
d:\solution\ghndpms\ghndpms\debug\moc\include\httpserver\moc_httpsessionstore.cpp
d:\solution\ghndpms\ghndpms\debug\moc\include\httpserver\moc_httprequesthandler.cpp
d:\solution\ghndpms\ghndpms\debug\moc\include\httpserver\moc_httplistener.cpp
d:\solution\ghndpms\ghndpms\debug\\moc\include\controller\moc_setcontroller.cpp
d:\solution\ghndpms\ghndpms\debug\\moc\include\controller\moc_requestmapper.cpp
d:\solution\ghndpms\ghndpms\debug\\moc\include\controller\moc_realtimeprsnumbercontroller.cpp
d:\solution\ghndpms\ghndpms\debug\\moc\include\controller\moc_realtimedepartdetaildata.cpp
d:\solution\ghndpms\ghndpms\debug\\moc\include\controller\moc_realtimedepartdata.cpp
d:\solution\ghndpms\ghndpms\debug\\moc\include\controller\moc_httpcallbackcontroller.cpp
d:\solution\ghndpms\ghndpms\debug\\moc\include\controller\moc_historydepartdetaildata.cpp
d:\solution\ghndpms\ghndpms\debug\\moc\include\controller\moc_historydepartdata.cpp
d:\solution\ghndpms\ghndpms\debug\\moc\include\controller\moc_getdepartcontroller.cpp
d:\solution\ghndpms\ghndpms\debug\\moc\include\httpserver\moc_httpconnectionhandler.cpp
d:\solution\ghndpms\ghndpms\debug\\moc\include\httpserver\moc_httpconnectionhandlerpool.cpp
d:\solution\ghndpms\ghndpms\debug\\moc\include\templateengine\moc_templateloader.cpp
d:\solution\ghndpms\ghndpms\debug\\moc\include\templateengine\moc_templatecache.cpp
d:\solution\ghndpms\ghndpms\debug\\moc\include\logging\moc_logger.cpp
d:\solution\ghndpms\ghndpms\debug\\moc\include\logging\moc_filelogger.cpp
d:\solution\ghndpms\ghndpms\debug\\moc\include\logging\moc_dualfilelogger.cpp
d:\solution\ghndpms\ghndpms\debug\\moc\include\datadeal\moc_timercontracller.cpp
d:\solution\ghndpms\ghndpms\debug\\moc\include\datadeal\moc_hikdatarequest.cpp
d:\solution\ghndpms\ghndpms\debug\\moc\include\httpserver\moc_staticfilecontroller.cpp
d:\solution\ghndpms\ghndpms\debug\\moc\include\httpserver\moc_httpsessionstore.cpp
d:\solution\ghndpms\ghndpms\debug\\moc\include\httpserver\moc_httprequesthandler.cpp
d:\solution\ghndpms\ghndpms\debug\\moc\include\httpserver\moc_httplistener.cpp
d:\solution\ghndpms\ghndpms\debug\vc141.pdb
d:\solution\ghndpms\ghndpms\debug\ghndpms.tlog\cl.14396.write.1.tlog
d:\solution\ghndpms\ghndpms\debug\ghndpms.tlog\cl.command.1.tlog
d:\solution\ghndpms\ghndpms\debug\ghndpms.tlog\cl.read.1.tlog
d:\solution\ghndpms\ghndpms\debug\ghndpms.tlog\ghndpms.write.1u.tlog
d:\solution\ghndpms\ghndpms\debug\ghndpms.tlog\moc.read.1u.tlog
d:\solution\ghndpms\ghndpms\debug\ghndpms.tlog\moc.write.1u.tlog
