d:\solution\ghndpms\dbmanage\debug\dbmanagecontexinterface.obj
d:\solution\ghndpms\dbmanage\debug\commontools.obj
d:\solution\ghndpms\dbmanage\debug\historicaldataquery.obj
d:\solution\ghndpms\dbmanage\debug\connectionpool.obj
d:\solution\ghndpms\dbmanage\debug\moc\moc_historicaldataquery.cpp
d:\solution\ghndpms\dbmanage\debug\moc\moc_dboperationbase.cpp
d:\solution\ghndpms\dbmanage\debug\moc\moc_dbmanagecontexinterface.cpp
d:\solution\ghndpms\dbmanage\debug\moc\moc_basicdatamanage.cpp
d:\solution\ghndpms\dbmanage\debug\moc\moc_commontools.cpp
d:\solution\ghndpms\dbmanage\debug\\moc\moc_historicaldataquery.cpp
d:\solution\ghndpms\dbmanage\debug\\moc\moc_dboperationbase.cpp
d:\solution\ghndpms\dbmanage\debug\\moc\moc_dbmanagecontexinterface.cpp
d:\solution\ghndpms\dbmanage\debug\\moc\moc_basicdatamanage.cpp
d:\solution\ghndpms\dbmanage\debug\\moc\moc_commontools.cpp
d:\solution\ghndpms\dbmanage\debug\vc141.pdb
d:\solution\ghndpms\dbmanage\debug\dbmanage.tlog\cl.17436.write.1.tlog
d:\solution\ghndpms\dbmanage\debug\dbmanage.tlog\cl.command.1.tlog
d:\solution\ghndpms\dbmanage\debug\dbmanage.tlog\cl.read.1.tlog
d:\solution\ghndpms\dbmanage\debug\dbmanage.tlog\dbmanage.write.1u.tlog
d:\solution\ghndpms\dbmanage\debug\dbmanage.tlog\moc.read.1u.tlog
d:\solution\ghndpms\dbmanage\debug\dbmanage.tlog\moc.write.1u.tlog
